<?xml version="1.0" encoding="UTF-8"?>
<testsuite name="bookstore.BookShelfTestsCompleted" tests="9" skipped="0" failures="0" errors="0" timestamp="2020-04-17T14:41:42" hostname="BLX-CO-asegovia.local" time="0.139">
  <properties/>
  <testcase name="bookshelfArrangedByUserProvidedCriteria()" classname="bookstore.BookShelfTestsCompleted" time="0.099"/>
  <testcase name="groupBooksInsideBookShelfByPublicationYear()" classname="bookstore.BookShelfTestsCompleted" time="0.011"/>
  <testcase name="booksReturnedFromBookShelfIsImmutableForClient()" classname="bookstore.BookShelfTestsCompleted" time="0.007"/>
  <testcase name="bookshelfContainsTwoBooksWhenTwoBooksAdded()" classname="bookstore.BookShelfTestsCompleted" time="0.003"/>
  <testcase name="shelfEmptyWhenNoBookAdded()" classname="bookstore.BookShelfTestsCompleted" time="0.001"/>
  <testcase name="groupBooksByUserProvidedCriteria()" classname="bookstore.BookShelfTestsCompleted" time="0.003"/>
  <testcase name="booksInBookShelfAreInInsertionOrderAfterCallingArrange()" classname="bookstore.BookShelfTestsCompleted" time="0.004"/>
  <testcase name="bookShelfArrangedByBookTitle()" classname="bookstore.BookShelfTestsCompleted" time="0.001"/>
  <testcase name="emptyBookShelfWhenAddIsCalledWithoutBooks()" classname="bookstore.BookShelfTestsCompleted" time="0.001"/>
  <system-out><![CDATA[]]></system-out>
  <system-err><![CDATA[]]></system-err>
</testsuite>
